[2025-04-06 14:28:04] [INFO] Fichier chargé: Configuration de la base de données
[2025-04-06 14:28:04] [INFO] Fichier chargé: Fonctions utilitaires
[2025-04-06 14:28:04] [INFO] Fichier chargé: PHPMailer Exception
[2025-04-06 14:28:04] [INFO] Fichier chargé: PHPMailer Core
[2025-04-06 14:28:04] [INFO] Fichier chargé: PHPMailer SMTP
[2025-04-06 14:28:04] [INFO] Traitement de la réinitialisation de mot de passe
[2025-04-06 14:28:04] [INFO] Réinitialisation du mot de passe pour le technicien ID: 5
[2025-04-06 14:28:04] [INFO] Connexion à la base de données établie
[2025-04-06 14:28:04] [INFO] Informations du technicien récupérées: Ayoub Bellahcen
[2025-04-06 14:28:04] [INFO] Nouveau mot de passe généré pour MisterA
[2025-04-06 14:28:04] [INFO] Mot de passe mis à jour dans la base de données
[2025-04-06 14:28:04] [INFO] Configuration SMTP terminée
[2025-04-06 14:28:04] [INFO] Destinataires configurés: ayoubbellahcen10@gmail.com
[2025-04-06 14:28:04] [INFO] Contenu de l'email préparé
[2025-04-06 14:28:07] [INFO] Email de réinitialisation envoyé avec succès à ayoubbellahcen10@gmail.com
[2025-04-06 19:29:17] [INFO] Fichier chargé: Configuration de la base de données
[2025-04-06 19:29:17] [INFO] Fichier chargé: Fonctions utilitaires
[2025-04-06 19:29:17] [INFO] Fichier chargé: PHPMailer Exception
[2025-04-06 19:29:17] [INFO] Fichier chargé: PHPMailer Core
[2025-04-06 19:29:17] [INFO] Fichier chargé: PHPMailer SMTP
[2025-04-06 19:29:17] [INFO] Traitement de la réinitialisation de mot de passe
[2025-04-06 19:29:17] [INFO] Réinitialisation du mot de passe pour le technicien ID: 2
[2025-04-06 19:29:17] [INFO] Connexion à la base de données établie
[2025-04-06 19:29:17] [INFO] Informations du technicien récupérées: Yassine Maadane
[2025-04-06 19:29:17] [INFO] Nouveau mot de passe généré pour yassine
[2025-04-06 19:29:17] [INFO] Mot de passe mis à jour dans la base de données
[2025-04-06 19:29:17] [INFO] Configuration SMTP terminée
[2025-04-06 19:29:17] [INFO] Destinataires configurés: yassine.maadane99@gmail.com
[2025-04-06 19:29:17] [INFO] Contenu de l'email préparé
[2025-04-06 19:29:20] [INFO] Email de réinitialisation envoyé avec succès à yassine.maadane99@gmail.com
